<?xml version="1.0" encoding="UTF-8"?>
<testsuite xmlns:xsi="http://www.w3.org/2001/XMLSchema-instance" xsi:noNamespaceSchemaLocation="https://maven.apache.org/surefire/maven-surefire-plugin/xsd/surefire-test-report.xsd" name="TestSuite" time="60.993" tests="3" errors="0" skipped="0" failures="0">
  <properties>
[...]
</properties>
  <testcase name="testLoginPage" classname="LoginTest" time="6.745"/>
  <testcase name="testEditPage" classname="EditTest" time="9.554"/>
  <testcase name="testLogOutPage" classname="LogOutTest" time="9.433"/>
</testsuite>